CEMBA171206_3C
CEMBA171207_3C
CEMBA171213_4B
CEMBA171214_4D
CEMBA171219_4D
CEMBA180104_4B
CEMBA180105_3F
CEMBA180109_3F
CEMBA180110_4E
CEMBA180111_4E
CEMBA180119_1B
CEMBA180123_2A
CEMBA180129_3A
CEMBA180130_3A
CEMBA180205_4A
CEMBA180206_4A
CEMBA180208_1C
CEMBA180212_1C
CEMBA180213_1B
CEMBA180222_2E
CEMBA180226_1A
CEMBA180227_1A
CEMBA180305_2B
CEMBA180306_2B
CEMBA180308_3B
CEMBA180312_3B
CEMBA180313_2D
CEMBA180319_2D
CEMBA180320_3E
CEMBA180326_3E
CEMBA180329_4F
CEMBA180402_4F
CEMBA180409_2C
CEMBA180410_2C
CEMBA180412_3D
CEMBA180416_3D
CEMBA180417_4C
CEMBA180419_4C
CEMBA180426_8B
CEMBA180430_8B
CEMBA180514_5B
CEMBA180529_5B
CEMBA180612_5D
CEMBA180618_5D
CEMBA180619_4G
CEMBA180723_4G
CEMBA180724_4H
CEMBA180730_4H
CEMBA180731_5A
CEMBA180807_5A
CEMBA180813_5E
CEMBA180820_5E
CEMBA180904_5J
CEMBA180910_5J
CEMBA181001_5C
CEMBA181002_5C
CEMBA181008_5G
CEMBA181009_5G
CEMBA181015_5H
CEMBA181016_5H
CEMBA181022_6B
CEMBA181023_6B
CEMBA181218_5F
CEMBA181220_5F
CEMBA190108_6A
CEMBA190110_7B
CEMBA190115_7B
CEMBA190117_6A
CEMBA190122_6C
CEMBA190124_6C
CEMBA190131_6D
CEMBA190205_6D
CEMBA190207_2A
CEMBA190207_2E
CEMBA190212_9H
CEMBA190212_9J
CEMBA190214_11E
CEMBA190214_11F
CEMBA190219_9H
CEMBA190219_9J
CEMBA190305_11E
CEMBA190305_11F
CEMBA190314_11B
CEMBA190314_12B
CEMBA190325_11B
CEMBA190325_12B
CEMBA190326_9B
CEMBA190326_9D
CEMBA190404_9B
CEMBA190404_9D
CEMBA190411_10C
CEMBA190411_9A
CEMBA190418_10C
CEMBA190418_9A
CEMBA190423_10A
CEMBA190423_10G
CEMBA190523_10A
CEMBA190523_10G
CEMBA190530_11C
CEMBA190530_9C
CEMBA190620_11C
CEMBA190620_9C
CEMBA190625_10E
CEMBA190625_10F
CEMBA190627_10E
CEMBA190627_10F
CEMBA190702_7G
CEMBA190709_7G
CEMBA190711_8E
CEMBA190711_8J
CEMBA190716_8E
CEMBA190716_8J
CEMBA190718_6E
CEMBA190718_8F
CEMBA190723_6E
CEMBA190723_8F
CEMBA190725_10B
CEMBA190725_13A
CEMBA190730_10B
CEMBA190730_13A
CEMBA191008_12A
CEMBA191008_7A
CEMBA191017_12A
CEMBA191017_7A
CEMBA191024_11D
CEMBA191024_12D
CEMBA191031_11D
CEMBA191031_12D
CEMBA191107_11A
CEMBA191107_8A
CEMBA191114_11A
CEMBA191114_8A
CEMBA191205_7C
CEMBA191205_8C
CEMBA191212_7C
CEMBA191212_8C
CEMBA200305_7J
CEMBA200305_9L
CEMBA200312_6H
CEMBA200312_8K
CEMBA200319_6H
CEMBA200319_8K
CEMBA200520_7J
CEMBA200520_9L
CEMBA200709_8D
CEMBA200709_9E
CEMBA200714_6G
CEMBA200714_7D
CEMBA200723_6F
CEMBA200723_7F
CEMBA200728_6F
CEMBA200728_7F
CEMBA200730_11H
CEMBA200730_12H
CEMBA200813_11H
CEMBA200813_12H
CEMBA200820_12E
CEMBA200820_7H
CEMBA200827_12E
CEMBA200827_7H
CEMBA200903_8H
CEMBA200903_9G
CEMBA200910_8H
CEMBA200910_9G
CEMBA200917_13D
CEMBA200917_14C
CEMBA200924_13D
CEMBA200924_14C
CEMBA201001_8L
CEMBA201001_9F
CEMBA201008_8L
CEMBA201008_9F
CEMBA201015_11K
CEMBA201015_12C
CEMBA201022_11K
CEMBA201022_12C
CEMBA201029_7E
CEMBA201029_8G
CEMBA201105_7E
CEMBA201105_8G
CEMBA201112_9Ka
CEMBA201112_9Kb
CEMBA201119_9Ka
CEMBA201119_9Kb
CEMBA201203_10D
CEMBA201203_13B
CEMBA201210_10D
CEMBA201210_13B
CEMBA201217_14B
CEMBA201217_18A
CEMBA20200707_8D
CEMBA20200707_9E
CEMBA20200721_6G
CEMBA20200721_7D
CEMBA210107_14B
CEMBA210107_18A
CEMBA210114_10H
CEMBA210114_10J
CEMBA210121_10H
CEMBA210121_10J
CEMBA210128_11G
CEMBA210128_11J
CEMBA210204_11G
CEMBA210204_11J
CEMBA210211_12F
CEMBA210211_12G
CEMBA210218_12F
CEMBA210218_12G
CEMBA210225_12J
CEMBA210225_13C
CEMBA210304_12J
CEMBA210304_13C
CEMBA210311_13E
CEMBA210311_13F
CEMBA210318_13E
CEMBA210318_13F
CEMBA210325_14A
CEMBA210325_14D
CEMBA210401_14A
CEMBA210401_14D
CEMBA210408_15C
CEMBA210408_16C
CEMBA210415_15C
CEMBA210415_16C
CEMBA210422_17B
CEMBA210422_18B
CEMBA210429_17B
CEMBA210429_18B
CEMBA210805_15B
CEMBA210805_16A
CEMBA210810_15B
CEMBA210810_17A
CEMBA210812_16A
CEMBA210812_17A
